WARNING: A terminally deprecated method in sun.misc.Unsafe has been called
WARNING: sun.misc.Unsafe::staticFieldBase has been called by com.google.inject.internal.aop.HiddenClassDefiner (file:/opt/homebrew/Cellar/maven/3.9.11/libexec/lib/guice-5.1.0-classes.jar)
WARNING: Please consider reporting this to the maintainers of class com.google.inject.internal.aop.HiddenClassDefiner
WARNING: sun.misc.Unsafe::staticFieldBase will be removed in a future release
[INFO] Scanning for projects...
[INFO] 
[INFO] ------------------< com.smartcampus:smart-campus-api >------------------
[INFO] Building smart-campus-api 1.0-SNAPSHOT
[INFO]   from pom.xml
[INFO] --------------------------------[ jar ]---------------------------------
[INFO] 
[INFO] --- exec:3.1.0:java (default-cli) @ smart-campus-api ---
Apr 21, 2026 8:46:52 AM org.glassfish.jersey.message.internal.MessagingBinders$EnabledProvidersBinder bindToBinder
WARNING: A class javax.activation.DataSource for a default provider MessageBodyWriter<javax.activation.DataSource> was not found. The provider is not available.
Apr 21, 2026 8:46:52 AM org.glassfish.jersey.server.wadl.WadlFeature configure
WARNING: JAXBContext implementation could not be found. WADL feature is disabled.
Apr 21, 2026 8:46:53 AM org.glassfish.grizzly.http.server.NetworkListener start
INFO: Started listener bound to [localhost:8080]
Apr 21, 2026 8:46:53 AM org.glassfish.grizzly.http.server.HttpServer start
INFO: [HttpServer] Started.
Smart Campus API started at: http://localhost:8080/api/v1/api/v1
Press CTRL+C to stop.
Apr 21, 2026 8:46:53 AM org.glassfish.grizzly.http.server.NetworkListener shutdownNow
INFO: Stopped listener bound to [localhost:8080]
[INFO] ------------------------------------------------------------------------
[INFO] BUILD SUCCESS
[INFO] ------------------------------------------------------------------------
[INFO] Total time:  0.720 s
[INFO] Finished at: 2026-04-21T08:46:53+05:30
[INFO] ------------------------------------------------------------------------
